<?xml version="1.0" encoding="UTF-8"?>
<!-- Generated by org.testng.reporters.JUnitReportReporter -->
<testsuite hostname="LAPTOP-S8KVD42F" failures="0" tests="1" name="tests.A_TestExample" time="3.551" errors="0" timestamp="2024-03-05T23:10:07 GMT-05:00" skipped="0">
  <testcase classname="tests.A_TestExample" name="test_1" time="3.551"/>
  <system-out/>
</testsuite> <!-- tests.A_TestExample -->
