<?xml version="1.0" encoding="UTF-8"?>
<!-- Generated by org.testng.reporters.JUnitReportReporter -->
<testsuite hostname="LAPTOP-S8KVD42F" failures="0" tests="1" name="tests.E_SoapXMLRequest" time="3.188" errors="0" timestamp="2024-03-06T01:59:44 GMT-05:00" skipped="0">
  <testcase classname="tests.E_SoapXMLRequest" name="validateSoapXML" time="3.188"/>
  <system-out/>
</testsuite> <!-- tests.E_SoapXMLRequest -->
