<?xml version="1.0" encoding="UTF-8"?>
<!-- Generated by org.testng.reporters.JUnitReportReporter -->
<testsuite hostname="LAPTOP-S8KVD42F" failures="0" tests="5" name="tests.Sampler" time="6.793" errors="0" timestamp="2024-03-05T04:00:43 GMT-05:00" skipped="0">
  <testcase classname="tests.Sampler" name="Post" time="0.554"/>
  <system-out/>
  <testcase classname="tests.Sampler" name="Get" time="4.452"/>
  <system-out/>
  <testcase classname="tests.Sampler" name="testDelete" time="0.509"/>
  <system-out/>
  <testcase classname="tests.Sampler" name="testPatch" time="0.818"/>
  <system-out/>
  <testcase classname="tests.Sampler" name="Put" time="0.460"/>
  <system-out/>
</testsuite> <!-- tests.Sampler -->
