<?xml version="1.0" encoding="UTF-8"?>
<!-- Generated by org.testng.reporters.JUnitReportReporter -->
<testsuite hostname="LAPTOP-S8KVD42F" failures="0" tests="1" name="tests.C_JSONSchemaValidator" time="4.562" errors="0" timestamp="2024-03-06T00:05:32 GMT-05:00" skipped="0">
  <testcase classname="tests.C_JSONSchemaValidator" name="Get" time="4.562"/>
  <system-out/>
</testsuite> <!-- tests.C_JSONSchemaValidator -->
