<?xml version="1.0" encoding="UTF-8"?>
<!-- Generated by org.testng.reporters.JUnitReportReporter -->
<testsuite hostname="LAPTOP-S8KVD42F" failures="0" tests="1" name="tests.D_TestsOnLocalAPI" time="1.885" errors="0" timestamp="2024-03-06T01:48:52 GMT-05:00" skipped="0">
  <testcase classname="tests.D_TestsOnLocalAPI" name="delete" time="1.885"/>
  <system-out/>
</testsuite> <!-- tests.D_TestsOnLocalAPI -->
