<?xml version="1.0" encoding="UTF-8"?>
<!-- Generated by org.testng.reporters.JUnitReportReporter -->
<testsuite hostname="LAPTOP-S8KVD42F" failures="0" tests="5" name="tests.B_Sampler" time="6.542" errors="0" timestamp="2024-03-05T23:47:23 GMT-05:00" skipped="0">
  <testcase classname="tests.B_Sampler" name="Get" time="1.218"/>
  <system-out/>
  <testcase classname="tests.B_Sampler" name="Delete" time="3.351"/>
  <system-out/>
  <testcase classname="tests.B_Sampler" name="Post" time="0.761"/>
  <system-out/>
  <testcase classname="tests.B_Sampler" name="Patch" time="0.706"/>
  <system-out/>
  <testcase classname="tests.B_Sampler" name="Put" time="0.506"/>
  <system-out/>
</testsuite> <!-- tests.B_Sampler -->
